This is pdfTeX, Version 3.14159265-2.6-1.40.17 (TeX Live 2016) (preloaded format=pdflatex 2016.12.18)  30 APR 2017 10:26
entering extended mode
 restricted \write18 enabled.
 file:line:error style messages enabled.
 %&-line parsing enabled.
**1552674_liyuan.tex
(./1552674_liyuan.tex
LaTeX2e <2016/03/31>
Babel <3.9r> and hyphenation patterns for 83 language(s) loaded.
(/usr/local/texlive/2016/texmf-dist/tex/latex/base/article.cls
Document Class: article 2014/09/29 v1.4h Standard LaTeX document class
(/usr/local/texlive/2016/texmf-dist/tex/latex/base/size10.clo
File: size10.clo 2014/09/29 v1.4h Standard LaTeX file (size option)
)
\c@part=\count79
\c@section=\count80
\c@subsection=\count81
\c@subsubsection=\count82
\c@paragraph=\count83
\c@subparagraph=\count84
\c@figure=\count85
\c@table=\count86
\abovecaptionskip=\skip41
\belowcaptionskip=\skip42
\bibindent=\dimen102
) (/usr/local/texlive/2016/texmf-dist/tex/latex/cjk/texinput/CJK.sty
Package: CJK 2015/04/18 4.8.4
 (/usr/local/texlive/2016/texmf-dist/tex/latex/cjk/texinput/mule/MULEenc.sty
Package: MULEenc 2015/04/18 4.8.4
) (/usr/local/texlive/2016/texmf-dist/tex/latex/cjk/texinput/CJK.enc
File: CJK.enc 2015/04/18 4.8.4
)
LaTeX Info: Redefining \selectfont on input line 755.
\CJK@indent=\box26
) (/usr/local/texlive/2016/texmf-dist/tex/latex/tools/indentfirst.sty
Package: indentfirst 1995/11/23 v1.03 Indent first paragraph (DPC)
) (/usr/local/texlive/2016/texmf-dist/tex/latex/anysize/anysize.sty
Package: anysize 1994/08/13 setting margin sizes

document style option `anysize' loaded
Michael Salzenberg, Thomas Esser, Dirk Hillbrecht
Version 1.0, Aug 13, 1994
\@Leftmargin=\dimen103
\@Rightmargin=\dimen104
\@Topmargin=\dimen105
\@Bottommargin=\dimen106
) (/usr/local/texlive/2016/texmf-dist/tex/latex/graphics/graphicx.sty
Package: graphicx 2014/10/28 v1.0g Enhanced LaTeX Graphics (DPC,SPQR)
 (/usr/local/texlive/2016/texmf-dist/tex/latex/graphics/keyval.sty
Package: keyval 2014/10/28 v1.15 key=value parser (DPC)
\KV@toks@=\toks14
) (/usr/local/texlive/2016/texmf-dist/tex/latex/graphics/graphics.sty
Package: graphics 2016/05/09 v1.0r Standard LaTeX Graphics (DPC,SPQR)
 (/usr/local/texlive/2016/texmf-dist/tex/latex/graphics/trig.sty
Package: trig 2016/01/03 v1.10 sin cos tan (DPC)
) (/usr/local/texlive/2016/texmf-dist/tex/latex/graphics-cfg/graphics.cfg
File: graphics.cfg 2016/01/02 v1.10 sample graphics configuration
)
Package graphics Info: Driver file: pdftex.def on input line 96.
 (/usr/local/texlive/2016/texmf-dist/tex/latex/pdftex-def/pdftex.def
File: pdftex.def 2011/05/27 v0.06d Graphics/color for pdfTeX
 (/usr/local/texlive/2016/texmf-dist/tex/generic/oberdiek/infwarerr.sty
Package: infwarerr 2016/05/16 v1.4 Providing info/warning/error messages (HO)
) (/usr/local/texlive/2016/texmf-dist/tex/generic/oberdiek/ltxcmds.sty
Package: ltxcmds 2016/05/16 v1.23 LaTeX kernel commands for general use (HO)
)
\Gread@gobject=\count87
))
\Gin@req@height=\dimen107
\Gin@req@width=\dimen108
) (/usr/local/texlive/2016/texmf-dist/tex/latex/subfigure/subfigure.sty
Package: subfigure 2002/03/15 v2.1.5 subfigure package
\subfigtopskip=\skip43
\subfigcapskip=\skip44
\subfigcaptopadj=\dimen109
\subfigbottomskip=\skip45
\subfigcapmargin=\dimen110
\subfiglabelskip=\skip46
\c@subfigure=\count88
\c@lofdepth=\count89
\c@subtable=\count90
\c@lotdepth=\count91

****************************************
* Local config file subfigure.cfg used *
****************************************
(/usr/local/texlive/2016/texmf-dist/tex/latex/subfigure/subfigure.cfg)
\subfig@top=\skip47
\subfig@bottom=\skip48
) (/usr/local/texlive/2016/texmf-dist/tex/latex/tools/array.sty
Package: array 2014/10/28 v2.4c Tabular extension package (FMi)
\col@sep=\dimen111
\extrarowheight=\dimen112
\NC@list=\toks15
\extratabsurround=\skip49
\backup@length=\skip50
) (/usr/local/texlive/2016/texmf-dist/tex/latex/makecell/makecell.sty
Package: makecell 2009/08/03 V0.1e Managing of Tab Column Heads and Cells
\rotheadsize=\dimen113
\c@nlinenum=\count92
\TeXr@lab=\toks16
) (/usr/local/texlive/2016/texmf-dist/tex/latex/url/url.sty
\Urlmuskip=\muskip10
Package: url 2013/09/16  ver 3.4  Verb mode for urls, etc.
) (/usr/local/texlive/2016/texmf-dist/tex/latex/titlesec/titlesec.sty
Package: titlesec 2016/03/21 v2.10.2 Sectioning titles
\ttl@box=\box27
\beforetitleunit=\skip51
\aftertitleunit=\skip52
\ttl@plus=\dimen114
\ttl@minus=\dimen115
\ttl@toksa=\toks17
\titlewidth=\dimen116
\titlewidthlast=\dimen117
\titlewidthfirst=\dimen118
) (/Users/liyuan/Documents/Operating System/assignment1/.texpadtmp/1552674_liyuan.aux)
\openout1 = `1552674_liyuan.aux'.

LaTeX Font Info:    Checking defaults for OML/cmm/m/it on input line 40.
LaTeX Font Info:    ... okay on input line 40.
LaTeX Font Info:    Checking defaults for T1/cmr/m/n on input line 40.
LaTeX Font Info:    ... okay on input line 40.
LaTeX Font Info:    Checking defaults for OT1/cmr/m/n on input line 40.
LaTeX Font Info:    ... okay on input line 40.
LaTeX Font Info:    Checking defaults for OMS/cmsy/m/n on input line 40.
LaTeX Font Info:    ... okay on input line 40.
LaTeX Font Info:    Checking defaults for OMX/cmex/m/n on input line 40.
LaTeX Font Info:    ... okay on input line 40.
LaTeX Font Info:    Checking defaults for U/cmr/m/n on input line 40.
LaTeX Font Info:    ... okay on input line 40.
LaTeX Font Info:    Checking defaults for C00/song/m/n on input line 40.
LaTeX Font Info:    ... okay on input line 40.
LaTeX Font Info:    Checking defaults for C05/song/m/n on input line 40.
LaTeX Font Info:    ... okay on input line 40.
LaTeX Font Info:    Checking defaults for C09/song/m/n on input line 40.
LaTeX Font Info:    ... okay on input line 40.
LaTeX Font Info:    Checking defaults for C10/song/m/n on input line 40.
LaTeX Font Info:    ... okay on input line 40.
LaTeX Font Info:    Checking defaults for C20/song/m/n on input line 40.
LaTeX Font Info:    ... okay on input line 40.
LaTeX Font Info:    Checking defaults for C19/song/m/n on input line 40.
LaTeX Font Info:    ... okay on input line 40.
LaTeX Font Info:    Checking defaults for C40/song/m/n on input line 40.
LaTeX Font Info:    ... okay on input line 40.
LaTeX Font Info:    Checking defaults for C42/song/m/n on input line 40.
LaTeX Font Info:    ... okay on input line 40.
LaTeX Font Info:    Checking defaults for C43/song/m/n on input line 40.
LaTeX Font Info:    ... okay on input line 40.
LaTeX Font Info:    Checking defaults for C50/song/m/n on input line 40.
LaTeX Font Info:    ... okay on input line 40.
LaTeX Font Info:    Checking defaults for C52/song/m/n on input line 40.
LaTeX Font Info:    ... okay on input line 40.
LaTeX Font Info:    Checking defaults for C49/song/m/n on input line 40.
LaTeX Font Info:    ... okay on input line 40.
LaTeX Font Info:    Checking defaults for C60/mj/m/n on input line 40.
LaTeX Font Info:    ... okay on input line 40.
LaTeX Font Info:    Checking defaults for C61/mj/m/n on input line 40.
LaTeX Font Info:    ... okay on input line 40.
LaTeX Font Info:    Checking defaults for C63/mj/m/n on input line 40.
LaTeX Font Info:    ... okay on input line 40.
LaTeX Font Info:    Checking defaults for C64/mj/m/n on input line 40.
LaTeX Font Info:    ... okay on input line 40.
LaTeX Font Info:    Checking defaults for C65/mj/m/n on input line 40.
LaTeX Font Info:    ... okay on input line 40.
LaTeX Font Info:    Checking defaults for C70/song/m/n on input line 40.
LaTeX Font Info:    ... okay on input line 40.
LaTeX Font Info:    Checking defaults for C31/song/m/n on input line 40.
LaTeX Font Info:    ... okay on input line 40.
LaTeX Font Info:    Checking defaults for C32/song/m/n on input line 40.
LaTeX Font Info:    ... okay on input line 40.
LaTeX Font Info:    Checking defaults for C33/song/m/n on input line 40.
LaTeX Font Info:    ... okay on input line 40.
LaTeX Font Info:    Checking defaults for C34/song/m/n on input line 40.
LaTeX Font Info:    ... okay on input line 40.
LaTeX Font Info:    Checking defaults for C35/song/m/n on input line 40.
LaTeX Font Info:    ... okay on input line 40.
LaTeX Font Info:    Checking defaults for C36/song/m/n on input line 40.
LaTeX Font Info:    ... okay on input line 40.
LaTeX Font Info:    Checking defaults for C37/song/m/n on input line 40.
LaTeX Font Info:    ... okay on input line 40.
LaTeX Font Info:    Checking defaults for C80/song/m/n on input line 40.
LaTeX Font Info:    ... okay on input line 40.
LaTeX Font Info:    Checking defaults for C81/song/m/n on input line 40.
LaTeX Font Info:    ... okay on input line 40.
LaTeX Font Info:    Checking defaults for C01/song/m/n on input line 40.
LaTeX Font Info:    ... okay on input line 40.
LaTeX Font Info:    Checking defaults for C11/song/m/n on input line 40.
LaTeX Font Info:    ... okay on input line 40.
LaTeX Font Info:    Checking defaults for C21/song/m/n on input line 40.
LaTeX Font Info:    ... okay on input line 40.
LaTeX Font Info:    Checking defaults for C41/song/m/n on input line 40.
LaTeX Font Info:    ... okay on input line 40.
LaTeX Font Info:    Checking defaults for C62/song/m/n on input line 40.
LaTeX Font Info:    ... okay on input line 40.
 (/usr/local/texlive/2016/texmf-dist/tex/context/base/mkii/supp-pdf.mkii
[Loading MPS to PDF converter (version 2006.09.02).]
\scratchcounter=\count93
\scratchdimen=\dimen119
\scratchbox=\box28
\nofMPsegments=\count94
\nofMParguments=\count95
\everyMPshowfont=\toks18
\MPscratchCnt=\count96
\MPscratchDim=\dimen120
\MPnumerator=\count97
\makeMPintoPDFobject=\count98
\everyMPtoPDFconversion=\toks19
) (/usr/local/texlive/2016/texmf-dist/tex/generic/oberdiek/pdftexcmds.sty
Package: pdftexcmds 2016/05/10 v0.21 Utility functions of pdfTeX for LuaTeX (HO)
 (/usr/local/texlive/2016/texmf-dist/tex/generic/oberdiek/ifluatex.sty
Package: ifluatex 2016/05/16 v1.4 Provides the ifluatex switch (HO)
Package ifluatex Info: LuaTeX not detected.
) (/usr/local/texlive/2016/texmf-dist/tex/generic/oberdiek/ifpdf.sty
Package: ifpdf 2016/05/14 v3.1 Provides the ifpdf switch
)
Package pdftexcmds Info: LuaTeX not detected.
Package pdftexcmds Info: \pdf@primitive is available.
Package pdftexcmds Info: \pdf@ifprimitive is available.
Package pdftexcmds Info: \pdfdraftmode found.
) (/usr/local/texlive/2016/texmf-dist/tex/latex/oberdiek/epstopdf-base.sty
Package: epstopdf-base 2016/05/15 v2.6 Base part for package epstopdf
 (/usr/local/texlive/2016/texmf-dist/tex/latex/oberdiek/grfext.sty
Package: grfext 2016/05/16 v1.2 Manage graphics extensions (HO)
 (/usr/local/texlive/2016/texmf-dist/tex/generic/oberdiek/kvdefinekeys.sty
Package: kvdefinekeys 2016/05/16 v1.4 Define keys (HO)
)) (/usr/local/texlive/2016/texmf-dist/tex/latex/oberdiek/kvoptions.sty
Package: kvoptions 2016/05/16 v3.12 Key value format for package options (HO)
 (/usr/local/texlive/2016/texmf-dist/tex/generic/oberdiek/kvsetkeys.sty
Package: kvsetkeys 2016/05/16 v1.17 Key value parser (HO)
 (/usr/local/texlive/2016/texmf-dist/tex/generic/oberdiek/etexcmds.sty
Package: etexcmds 2016/05/16 v1.6 Avoid name clashes with e-TeX commands (HO)
Package etexcmds Info: Could not find \expanded.
(etexcmds)             That can mean that you are not using pdfTeX 1.50 or
(etexcmds)             that some package has redefined \expanded.
(etexcmds)             In the latter case, load this package earlier.
)))
Package grfext Info: Graphics extension search list:
(grfext)             [.png,.pdf,.jpg,.mps,.jpeg,.jbig2,.jb2,.PNG,.PDF,.JPG,.JPEG,.JBIG2,.JB2,.eps]
(grfext)             \AppendGraphicsExtensions on input line 456.
 (/usr/local/texlive/2016/texmf-dist/tex/latex/latexconfig/epstopdf-sys.cfg
File: epstopdf-sys.cfg 2010/07/13 v1.3 Configuration of (r)epstopdf for TeX Live
)) (/usr/local/texlive/2016/texmf-dist/tex/latex/cjk/texinput/UTF8/UTF8.bdg
File: UTF8.bdg 2015/04/18 4.8.4
) (/usr/local/texlive/2016/texmf-dist/tex/latex/cjk/texinput/UTF8/UTF8.enc
File: UTF8.enc 2015/04/18 4.8.4
) (/usr/local/texlive/2016/texmf-dist/tex/latex/cjk/texinput/UTF8/UTF8.chr
File: UTF8.chr 2015/04/18 4.8.4
)
LaTeX Font Info:    Try loading font information for C70+gbsn on input line 72.
 (/usr/local/texlive/2016/texmf-dist/tex/latex/cjk/texinput/UTF8/c70gbsn.fd
File: c70gbsn.fd 2015/04/18 4.8.4
) (/usr/local/texlive/2016/texmf-dist/tex/latex/cjk/texinput/UTF8/c70gbsn.fdx
File: c70gbsn.fdx 2015/04/18 4.8.4
)

LaTeX Font Warning: Font shape `C70/gbsn/m/sc' undefined
(Font)              using `C70/gbsn/m/n' instead on input line 72.

[1

{/usr/local/texlive/2016/texmf-var/fonts/map/pdftex/updmap/pdftex.map}] (/Users/liyuan/Documents/Operating System/assignment1/.texpadtmp/1552674_liyuan.toc
LaTeX Font Info:    External font `cmex10' loaded for size
(Font)              <7> on input line 2.
LaTeX Font Info:    External font `cmex10' loaded for size
(Font)              <5> on input line 2.
)
\tf@toc=\write3
\openout3 = `1552674_liyuan.toc'.

 [2

] [3

] (/Users/liyuan/Documents/Operating System/assignment1/.texpadtmp/1552674_liyuan.aux)

LaTeX Font Warning: Some font shapes were not available, defaults substituted.

 ) 
Here is how much of TeX's memory you used:
 3465 strings out of 493014
 47096 string characters out of 6133350
 110961 words of memory out of 5000000
 6912 multiletter control sequences out of 15000+600000
 27089 words of font info for 97 fonts, out of 8000000 for 9000
 1141 hyphenation exceptions out of 8191
 38i,4n,39p,268b,312s stack positions out of 5000i,500n,10000p,200000b,80000s
</usr/local/texlive/2016/texmf-dist/fonts/type1/public/amsfonts/cm/cmbx10.pfb></usr/local/texlive/2016/texmf-dist/fonts/type1/public/amsfonts/cm/cmbx12.pfb></usr/local/texlive/2016/texmf-dist/fonts/type1/public/amsfonts/cm/cmcsc10.pfb></usr/local/texlive/2016/texmf-dist/fonts/type1/public/amsfonts/cm/cmr10.pfb></usr/local/texlive/2016/texmf-dist/fonts/type1/public/amsfonts/cm/cmti10.pfb></usr/local/texlive/2016/texmf-dist/fonts/type1/arphic/gbsnu/gbsnu30.pfb></usr/local/texlive/2016/texmf-dist/fonts/type1/arphic/gbsnu/gbsnu4e.pfb></usr/local/texlive/2016/texmf-dist/fonts/type1/arphic/gbsnu/gbsnu4f.pfb></usr/local/texlive/2016/texmf-dist/fonts/type1/arphic/gbsnu/gbsnu51.pfb></usr/local/texlive/2016/texmf-dist/fonts/type1/arphic/gbsnu/gbsnu52.pfb></usr/local/texlive/2016/texmf-dist/fonts/type1/arphic/gbsnu/gbsnu53.pfb></usr/local/texlive/2016/texmf-dist/fonts/type1/arphic/gbsnu/gbsnu54.pfb></usr/local/texlive/2016/texmf-dist/fonts/type1/arphic/gbsnu/gbsnu57.pfb></usr/local/texlive/2016/texmf-dist/fonts/type1/arphic/gbsnu/gbsnu58.pfb></usr/local/texlive/2016/texmf-dist/fonts/type1/arphic/gbsnu/gbsnu59.pfb></usr/local/texlive/2016/texmf-dist/fonts/type1/arphic/gbsnu/gbsnu5b.pfb></usr/local/texlive/2016/texmf-dist/fonts/type1/arphic/gbsnu/gbsnu5c.pfb></usr/local/texlive/2016/texmf-dist/fonts/type1/arphic/gbsnu/gbsnu5d.pfb></usr/local/texlive/2016/texmf-dist/fonts/type1/arphic/gbsnu/gbsnu5e.pfb></usr/local/texlive/2016/texmf-dist/fonts/type1/arphic/gbsnu/gbsnu5f.pfb></usr/local/texlive/2016/texmf-dist/fonts/type1/arphic/gbsnu/gbsnu60.pfb></usr/local/texlive/2016/texmf-dist/fonts/type1/arphic/gbsnu/gbsnu62.pfb></usr/local/texlive/2016/texmf-dist/fonts/type1/arphic/gbsnu/gbsnu63.pfb></usr/local/texlive/2016/texmf-dist/fonts/type1/arphic/gbsnu/gbsnu64.pfb></usr/local/texlive/2016/texmf-dist/fonts/type1/arphic/gbsnu/gbsnu65.pfb></usr/local/texlive/2016/texmf-dist/fonts/type1/arphic/gbsnu/gbsnu66.pfb></usr/local/texlive/2016/texmf-dist/fonts/type1/arphic/gbsnu/gbsnu67.pfb></usr/local/texlive/2016/texmf-dist/fonts/type1/ar
phic/gbsnu/gbsnu68.pfb></usr/local/texlive/2016/texmf-dist/fonts/type1/arphic/gbsnu/gbsnu69.pfb></usr/local/texlive/2016/texmf-dist/fonts/type1/arphic/gbsnu/gbsnu6a.pfb></usr/local/texlive/2016/texmf-dist/fonts/type1/arphic/gbsnu/gbsnu6b.pfb></usr/local/texlive/2016/texmf-dist/fonts/type1/arphic/gbsnu/gbsnu6c.pfb></usr/local/texlive/2016/texmf-dist/fonts/type1/arphic/gbsnu/gbsnu6e.pfb></usr/local/texlive/2016/texmf-dist/fonts/type1/arphic/gbsnu/gbsnu72.pfb></usr/local/texlive/2016/texmf-dist/fonts/type1/arphic/gbsnu/gbsnu73.pfb></usr/local/texlive/2016/texmf-dist/fonts/type1/arphic/gbsnu/gbsnu75.pfb></usr/local/texlive/2016/texmf-dist/fonts/type1/arphic/gbsnu/gbsnu76.pfb></usr/local/texlive/2016/texmf-dist/fonts/type1/arphic/gbsnu/gbsnu79.pfb></usr/local/texlive/2016/texmf-dist/fonts/type1/arphic/gbsnu/gbsnu7a.pfb></usr/local/texlive/2016/texmf-dist/fonts/type1/arphic/gbsnu/gbsnu7b.pfb></usr/local/texlive/2016/texmf-dist/fonts/type1/arphic/gbsnu/gbsnu7c.pfb></usr/local/texlive/2016/texmf-dist/fonts/type1/arphic/gbsnu/gbsnu7e.pfb></usr/local/texlive/2016/texmf-dist/fonts/type1/arphic/gbsnu/gbsnu7f.pfb></usr/local/texlive/2016/texmf-dist/fonts/type1/arphic/gbsnu/gbsnu80.pfb></usr/local/texlive/2016/texmf-dist/fonts/type1/arphic/gbsnu/gbsnu86.pfb></usr/local/texlive/2016/texmf-dist/fonts/type1/arphic/gbsnu/gbsnu88.pfb></usr/local/texlive/2016/texmf-dist/fonts/type1/arphic/gbsnu/gbsnu8b.pfb></usr/local/texlive/2016/texmf-dist/fonts/type1/arphic/gbsnu/gbsnu8c.pfb></usr/local/texlive/2016/texmf-dist/fonts/type1/arphic/gbsnu/gbsnu8f.pfb></usr/local/texlive/2016/texmf-dist/fonts/type1/arphic/gbsnu/gbsnu90.pfb></usr/local/texlive/2016/texmf-dist/fonts/type1/arphic/gbsnu/gbsnu94.pfb></usr/local/texlive/2016/texmf-dist/fonts/type1/arphic/gbsnu/gbsnu95.pfb></usr/local/texlive/2016/texmf-dist/fonts/type1/arphic/gbsnu/gbsnu96.pfb></usr/local/texlive/2016/texmf-dist/fonts/type1/arphic/gbsnu/gbsnu97.pfb></usr/local/texlive/2016/texmf-dist/fonts/type1/arphic/gbsnu/gbsnu98.pfb></usr/local/texlive/2016/texmf-dist/fonts/type1/arphic
/gbsnu/gbsnu99.pfb></usr/local/texlive/2016/texmf-dist/fonts/type1/arphic/gbsnu/gbsnuff.pfb>
Output written on "/Users/liyuan/Documents/Operating System/assignment1/.texpadtmp/1552674_liyuan.pdf" (3 pages, 219381 bytes).
PDF statistics:
 243 PDF objects out of 1000 (max. 8388607)
 179 compressed objects within 2 object streams
 0 named destinations out of 1000 (max. 500000)
 1 words of extra memory for PDF output out of 10000 (max. 10000000)

